<?xml version="1.0" encoding="UTF-8"?>
<!-- Generated by org.testng.reporters.JUnitXMLReporter -->
<testsuite ignored="0" hostname="LAPTOP-PL64QS0V" failures="0" tests="2" name="ChromeTest" time="25.733" errors="0" timestamp="2025-01-03T16:06:49 IST">
  <testcase classname="testClasses.ManageUserTestClass" name="verifyTheManageUsersPageIsOpenWhileClickingOnUsers" time="6.369"/>
  <testcase classname="testClasses.ManageUserTestClass" name="verifyToAdd_aNewUser" time="11.058"/>
</testsuite> <!-- ChromeTest -->
