<?xml version="1.0" encoding="UTF-8"?>
<!-- Generated by org.testng.reporters.JUnitXMLReporter -->
<testsuite ignored="0" hostname="LAPTOP-PL64QS0V" failures="0" tests="3" name="EdgeTest" time="23.732" errors="0" timestamp="2025-01-03T16:07:13 IST">
  <testcase classname="testClasses.HomePageTestClass" name="verifyAllTilesDisplayedOnHomePage" time="3.466"/>
  <testcase classname="testClasses.HomePageTestClass" name="verifySuccessfulSignOut" time="3.976"/>
  <testcase classname="testClasses.HomePageTestClass" name="verifyTheTooltip_Calculator_isShowingWhileHoveringTheMouseOnCalculator" time="3.12"/>
</testsuite> <!-- EdgeTest -->
