<?xml version="1.0" encoding="UTF-8"?>
<testng-results ignored="0" total="5" passed="5" failed="0" skipped="0">
  <reporter-output>
  </reporter-output>
  <suite started-at="2025-01-03T16:06:23 IST" name="Suite" finished-at="2025-01-03T16:07:13 IST" duration-ms="49495">
    <groups>
      <group name="Group1">
        <method signature="ManageUserTestClass.verifyToAdd_aNewUser()[pri:1, instance:testClasses.ManageUserTestClass@1573f9fc]" name="verifyToAdd_aNewUser" class="testClasses.ManageUserTestClass"/>
        <method signature="HomePageTestClass.verifySuccessfulSignOut()[pri:1, instance:testClasses.HomePageTestClass@77f1baf5]" name="verifySuccessfulSignOut" class="testClasses.HomePageTestClass"/>
      </group> <!-- Group1 -->
      <group name="Group2">
        <method signature="ManageUserTestClass.verifyTheManageUsersPageIsOpenWhileClickingOnUsers()[pri:0, instance:testClasses.ManageUserTestClass@1573f9fc]" name="verifyTheManageUsersPageIsOpenWhileClickingOnUsers" class="testClasses.ManageUserTestClass"/>
        <method signature="HomePageTestClass.verifyAllTilesDisplayedOnHomePage()[pri:0, instance:testClasses.HomePageTestClass@77f1baf5]" name="verifyAllTilesDisplayedOnHomePage" class="testClasses.HomePageTestClass"/>
        <method signature="HomePageTestClass.verifyTheTooltip_Calculator_isShowingWhileHoveringTheMouseOnCalculator()[pri:2, instance:testClasses.HomePageTestClass@77f1baf5]" name="verifyTheTooltip_Calculator_isShowingWhileHoveringTheMouseOnCalculator" class="testClasses.HomePageTestClass"/>
      </group> <!-- Group2 -->
    </groups>
    <test started-at="2025-01-03T16:06:23 IST" name="ChromeTest" finished-at="2025-01-03T16:06:49 IST" duration-ms="25733">
      <class name="testClasses.ManageUserTestClass">
        <test-method is-config="true" signature="beforeMethod(java.lang.String)[pri:0, instance:testClasses.ManageUserTestClass@1573f9fc]" started-at="2025-01-03T16:06:23 IST" name="beforeMethod" finished-at="2025-01-03T16:06:28 IST" duration-ms="4158" status="PASS">
          <params>
            <param index="0">
              <value>
                <![CDATA[chrome]]>
              </value>
            </param>
          </params>
          <reporter-output>
          </reporter-output>
        </test-method> <!-- beforeMethod -->
        <test-method signature="verifyTheManageUsersPageIsOpenWhileClickingOnUsers()[pri:0, instance:testClasses.ManageUserTestClass@1573f9fc]" started-at="2025-01-03T16:06:28 IST" name="verifyTheManageUsersPageIsOpenWhileClickingOnUsers" finished-at="2025-01-03T16:06:34 IST" duration-ms="6369" status="PASS">
          <reporter-output>
          </reporter-output>
        </test-method> <!-- verifyTheManageUsersPageIsOpenWhileClickingOnUsers -->
        <test-method is-config="true" signature="afterMethod()[pri:0, instance:testClasses.ManageUserTestClass@1573f9fc]" started-at="2025-01-03T16:06:34 IST" name="afterMethod" finished-at="2025-01-03T16:06:34 IST" duration-ms="367" status="PASS">
          <reporter-output>
          </reporter-output>
        </test-method> <!-- afterMethod -->
        <test-method is-config="true" signature="beforeMethod(java.lang.String)[pri:0, instance:testClasses.ManageUserTestClass@1573f9fc]" started-at="2025-01-03T16:06:34 IST" name="beforeMethod" finished-at="2025-01-03T16:06:38 IST" duration-ms="3406" status="PASS">
          <params>
            <param index="0">
              <value>
                <![CDATA[chrome]]>
              </value>
            </param>
          </params>
          <reporter-output>
          </reporter-output>
        </test-method> <!-- beforeMethod -->
        <test-method signature="verifyToAdd_aNewUser()[pri:1, instance:testClasses.ManageUserTestClass@1573f9fc]" started-at="2025-01-03T16:06:38 IST" name="verifyToAdd_aNewUser" finished-at="2025-01-03T16:06:49 IST" duration-ms="11058" status="PASS">
          <reporter-output>
          </reporter-output>
        </test-method> <!-- verifyToAdd_aNewUser -->
        <test-method is-config="true" signature="afterMethod()[pri:0, instance:testClasses.ManageUserTestClass@1573f9fc]" started-at="2025-01-03T16:06:49 IST" name="afterMethod" finished-at="2025-01-03T16:06:49 IST" duration-ms="289" status="PASS">
          <reporter-output>
          </reporter-output>
        </test-method> <!-- afterMethod -->
      </class> <!-- testClasses.ManageUserTestClass -->
    </test> <!-- ChromeTest -->
    <test started-at="2025-01-03T16:06:49 IST" name="EdgeTest" finished-at="2025-01-03T16:07:13 IST" duration-ms="23732">
      <class name="testClasses.HomePageTestClass">
        <test-method is-config="true" signature="createReport()[pri:0, instance:testClasses.HomePageTestClass@77f1baf5]" started-at="2025-01-03T16:06:23 IST" name="createReport" finished-at="2025-01-03T16:06:23 IST" duration-ms="336" status="PASS">
          <reporter-output>
          </reporter-output>
        </test-method> <!-- createReport -->
        <test-method is-config="true" signature="beforeMethod(java.lang.String)[pri:0, instance:testClasses.HomePageTestClass@77f1baf5]" started-at="2025-01-03T16:06:49 IST" name="beforeMethod" finished-at="2025-01-03T16:06:54 IST" duration-ms="4601" status="PASS">
          <params>
            <param index="0">
              <value>
                <![CDATA[edge]]>
              </value>
            </param>
          </params>
          <reporter-output>
          </reporter-output>
        </test-method> <!-- beforeMethod -->
        <test-method signature="verifyAllTilesDisplayedOnHomePage()[pri:0, instance:testClasses.HomePageTestClass@77f1baf5]" started-at="2025-01-03T16:06:54 IST" name="verifyAllTilesDisplayedOnHomePage" finished-at="2025-01-03T16:06:57 IST" duration-ms="3466" status="PASS">
          <reporter-output>
          </reporter-output>
        </test-method> <!-- verifyAllTilesDisplayedOnHomePage -->
        <test-method is-config="true" signature="afterMethod()[pri:0, instance:testClasses.HomePageTestClass@77f1baf5]" started-at="2025-01-03T16:06:57 IST" name="afterMethod" finished-at="2025-01-03T16:06:58 IST" duration-ms="340" status="PASS">
          <reporter-output>
          </reporter-output>
        </test-method> <!-- afterMethod -->
        <test-method is-config="true" signature="beforeMethod(java.lang.String)[pri:0, instance:testClasses.HomePageTestClass@77f1baf5]" started-at="2025-01-03T16:06:58 IST" name="beforeMethod" finished-at="2025-01-03T16:07:02 IST" duration-ms="4076" status="PASS">
          <params>
            <param index="0">
              <value>
                <![CDATA[edge]]>
              </value>
            </param>
          </params>
          <reporter-output>
          </reporter-output>
        </test-method> <!-- beforeMethod -->
        <test-method signature="verifySuccessfulSignOut()[pri:1, instance:testClasses.HomePageTestClass@77f1baf5]" started-at="2025-01-03T16:07:02 IST" name="verifySuccessfulSignOut" finished-at="2025-01-03T16:07:06 IST" duration-ms="3976" status="PASS">
          <reporter-output>
          </reporter-output>
        </test-method> <!-- verifySuccessfulSignOut -->
        <test-method is-config="true" signature="afterMethod()[pri:0, instance:testClasses.HomePageTestClass@77f1baf5]" started-at="2025-01-03T16:07:06 IST" name="afterMethod" finished-at="2025-01-03T16:07:06 IST" duration-ms="304" status="PASS">
          <reporter-output>
          </reporter-output>
        </test-method> <!-- afterMethod -->
        <test-method is-config="true" signature="beforeMethod(java.lang.String)[pri:0, instance:testClasses.HomePageTestClass@77f1baf5]" started-at="2025-01-03T16:07:06 IST" name="beforeMethod" finished-at="2025-01-03T16:07:09 IST" duration-ms="3490" status="PASS">
          <params>
            <param index="0">
              <value>
                <![CDATA[edge]]>
              </value>
            </param>
          </params>
          <reporter-output>
          </reporter-output>
        </test-method> <!-- beforeMethod -->
        <test-method signature="verifyTheTooltip_Calculator_isShowingWhileHoveringTheMouseOnCalculator()[pri:2, instance:testClasses.HomePageTestClass@77f1baf5]" started-at="2025-01-03T16:07:09 IST" name="verifyTheTooltip_Calculator_isShowingWhileHoveringTheMouseOnCalculator" finished-at="2025-01-03T16:07:13 IST" duration-ms="3120" status="PASS">
          <reporter-output>
          </reporter-output>
        </test-method> <!-- verifyTheTooltip_Calculator_isShowingWhileHoveringTheMouseOnCalculator -->
        <test-method is-config="true" signature="afterMethod()[pri:0, instance:testClasses.HomePageTestClass@77f1baf5]" started-at="2025-01-03T16:07:13 IST" name="afterMethod" finished-at="2025-01-03T16:07:13 IST" duration-ms="333" status="PASS">
          <reporter-output>
          </reporter-output>
        </test-method> <!-- afterMethod -->
      </class> <!-- testClasses.HomePageTestClass -->
    </test> <!-- EdgeTest -->
  </suite> <!-- Suite -->
</testng-results>
