<?xml version="1.0" encoding="UTF-8"?>
<testng-results ignored="0" total="4" passed="4" failed="0" skipped="0">
  <reporter-output>
  </reporter-output>
  <suite started-at="2025-01-03T15:57:31 IST" name="Suite" finished-at="2025-01-03T15:58:21 IST" duration-ms="49891">
    <groups>
      <group name="Group1">
        <method signature="ManageUserTestClass.verifyToAdd_aNewUser()[pri:1, instance:testClasses.ManageUserTestClass@5542c4ed]" name="verifyToAdd_aNewUser" class="testClasses.ManageUserTestClass"/>
        <method signature="ManageUserTestClass.verifyToAdd_aNewUser()[pri:1, instance:testClasses.ManageUserTestClass@d35dea7]" name="verifyToAdd_aNewUser" class="testClasses.ManageUserTestClass"/>
      </group> <!-- Group1 -->
      <group name="Group2">
        <method signature="ManageUserTestClass.verifyTheManageUsersPageIsOpenWhileClickingOnUsers()[pri:0, instance:testClasses.ManageUserTestClass@5542c4ed]" name="verifyTheManageUsersPageIsOpenWhileClickingOnUsers" class="testClasses.ManageUserTestClass"/>
        <method signature="ManageUserTestClass.verifyTheManageUsersPageIsOpenWhileClickingOnUsers()[pri:0, instance:testClasses.ManageUserTestClass@d35dea7]" name="verifyTheManageUsersPageIsOpenWhileClickingOnUsers" class="testClasses.ManageUserTestClass"/>
      </group> <!-- Group2 -->
    </groups>
    <test started-at="2025-01-03T15:57:31 IST" name="ChromeTest" finished-at="2025-01-03T15:57:58 IST" duration-ms="26794">
      <class name="testClasses.ManageUserTestClass">
        <test-method is-config="true" signature="beforeMethod(java.lang.String)[pri:0, instance:testClasses.ManageUserTestClass@5542c4ed]" started-at="2025-01-03T15:57:31 IST" name="beforeMethod" finished-at="2025-01-03T15:57:36 IST" duration-ms="5227" status="PASS">
          <params>
            <param index="0">
              <value>
                <![CDATA[chrome]]>
              </value>
            </param>
          </params>
          <reporter-output>
          </reporter-output>
        </test-method> <!-- beforeMethod -->
        <test-method signature="verifyTheManageUsersPageIsOpenWhileClickingOnUsers()[pri:0, instance:testClasses.ManageUserTestClass@5542c4ed]" started-at="2025-01-03T15:57:36 IST" name="verifyTheManageUsersPageIsOpenWhileClickingOnUsers" finished-at="2025-01-03T15:57:43 IST" duration-ms="6819" status="PASS">
          <reporter-output>
          </reporter-output>
        </test-method> <!-- verifyTheManageUsersPageIsOpenWhileClickingOnUsers -->
        <test-method is-config="true" signature="afterMethod()[pri:0, instance:testClasses.ManageUserTestClass@5542c4ed]" started-at="2025-01-03T15:57:43 IST" name="afterMethod" finished-at="2025-01-03T15:57:43 IST" duration-ms="351" status="PASS">
          <reporter-output>
          </reporter-output>
        </test-method> <!-- afterMethod -->
        <test-method is-config="true" signature="beforeMethod(java.lang.String)[pri:0, instance:testClasses.ManageUserTestClass@5542c4ed]" started-at="2025-01-03T15:57:43 IST" name="beforeMethod" finished-at="2025-01-03T15:57:46 IST" duration-ms="2988" status="PASS">
          <params>
            <param index="0">
              <value>
                <![CDATA[chrome]]>
              </value>
            </param>
          </params>
          <reporter-output>
          </reporter-output>
        </test-method> <!-- beforeMethod -->
        <test-method signature="verifyToAdd_aNewUser()[pri:1, instance:testClasses.ManageUserTestClass@5542c4ed]" started-at="2025-01-03T15:57:46 IST" name="verifyToAdd_aNewUser" finished-at="2025-01-03T15:57:58 IST" duration-ms="11080" status="PASS">
          <reporter-output>
          </reporter-output>
        </test-method> <!-- verifyToAdd_aNewUser -->
        <test-method is-config="true" signature="afterMethod()[pri:0, instance:testClasses.ManageUserTestClass@5542c4ed]" started-at="2025-01-03T15:57:58 IST" name="afterMethod" finished-at="2025-01-03T15:57:58 IST" duration-ms="290" status="PASS">
          <reporter-output>
          </reporter-output>
        </test-method> <!-- afterMethod -->
      </class> <!-- testClasses.ManageUserTestClass -->
    </test> <!-- ChromeTest -->
    <test started-at="2025-01-03T15:57:58 IST" name="EdgeTest" finished-at="2025-01-03T15:58:21 IST" duration-ms="23065">
      <class name="testClasses.ManageUserTestClass">
        <test-method is-config="true" signature="createReport()[pri:0, instance:testClasses.ManageUserTestClass@d35dea7]" started-at="2025-01-03T15:57:31 IST" name="createReport" finished-at="2025-01-03T15:57:31 IST" duration-ms="253" status="PASS">
          <reporter-output>
          </reporter-output>
        </test-method> <!-- createReport -->
        <test-method is-config="true" signature="beforeMethod(java.lang.String)[pri:0, instance:testClasses.ManageUserTestClass@d35dea7]" started-at="2025-01-03T15:57:58 IST" name="beforeMethod" finished-at="2025-01-03T15:58:01 IST" duration-ms="3445" status="PASS">
          <params>
            <param index="0">
              <value>
                <![CDATA[edge]]>
              </value>
            </param>
          </params>
          <reporter-output>
          </reporter-output>
        </test-method> <!-- beforeMethod -->
        <test-method signature="verifyTheManageUsersPageIsOpenWhileClickingOnUsers()[pri:0, instance:testClasses.ManageUserTestClass@d35dea7]" started-at="2025-01-03T15:58:01 IST" name="verifyTheManageUsersPageIsOpenWhileClickingOnUsers" finished-at="2025-01-03T15:58:06 IST" duration-ms="5116" status="PASS">
          <reporter-output>
          </reporter-output>
        </test-method> <!-- verifyTheManageUsersPageIsOpenWhileClickingOnUsers -->
        <test-method is-config="true" signature="afterMethod()[pri:0, instance:testClasses.ManageUserTestClass@d35dea7]" started-at="2025-01-03T15:58:06 IST" name="afterMethod" finished-at="2025-01-03T15:58:07 IST" duration-ms="292" status="PASS">
          <reporter-output>
          </reporter-output>
        </test-method> <!-- afterMethod -->
        <test-method is-config="true" signature="beforeMethod(java.lang.String)[pri:0, instance:testClasses.ManageUserTestClass@d35dea7]" started-at="2025-01-03T15:58:07 IST" name="beforeMethod" finished-at="2025-01-03T15:58:10 IST" duration-ms="2917" status="PASS">
          <params>
            <param index="0">
              <value>
                <![CDATA[edge]]>
              </value>
            </param>
          </params>
          <reporter-output>
          </reporter-output>
        </test-method> <!-- beforeMethod -->
        <test-method signature="verifyToAdd_aNewUser()[pri:1, instance:testClasses.ManageUserTestClass@d35dea7]" started-at="2025-01-03T15:58:10 IST" name="verifyToAdd_aNewUser" finished-at="2025-01-03T15:58:21 IST" duration-ms="11007" status="PASS">
          <reporter-output>
          </reporter-output>
        </test-method> <!-- verifyToAdd_aNewUser -->
        <test-method is-config="true" signature="afterMethod()[pri:0, instance:testClasses.ManageUserTestClass@d35dea7]" started-at="2025-01-03T15:58:21 IST" name="afterMethod" finished-at="2025-01-03T15:58:21 IST" duration-ms="275" status="PASS">
          <reporter-output>
          </reporter-output>
        </test-method> <!-- afterMethod -->
      </class> <!-- testClasses.ManageUserTestClass -->
    </test> <!-- EdgeTest -->
  </suite> <!-- Suite -->
</testng-results>
